Build started 12/2/2021 1:25:05 PM.
     1>Project "D:\Akshara-013\CGVR lab\CGVR lab\CGVR lab.vcxproj" on node 2 (build target(s)).
     1>InitializeBuildStatus:
         Creating "Debug\CGVR lab.unsuccessfulbuild" because "AlwaysCreate" was specified.
       ClCompile:
         C:\Program Files (x86)\Microsoft Visual Studio 10.0\VC\bin\CL.exe /c /ZI /nologo /W3 /WX- /Od /Oy- /D _MBCS /Gm /EHsc /RTC1 /MDd /GS /fp:precise /Zc:wchar_t /Zc:forScope /Fo"Debug\\" /Fd"Debug\vc100.pdb" /Gd /TP /analyze- /errorReport:prompt circle.cpp
         circle.cpp
     1>d:\akshara-013\cgvr lab\cgvr lab\circle.cpp(87): warning C4996: 'scanf': This function or variable may be unsafe. Consider using scanf_s instead. To disable deprecation, use _CRT_SECURE_NO_WARNINGS. See online help for details.
                 c:\program files (x86)\microsoft visual studio 10.0\vc\include\stdio.h(304) : see declaration of 'scanf'
     1>d:\akshara-013\cgvr lab\cgvr lab\circle.cpp(108): warning C4996: 'scanf': This function or variable may be unsafe. Consider using scanf_s instead. To disable deprecation, use _CRT_SECURE_NO_WARNINGS. See online help for details.
                 c:\program files (x86)\microsoft visual studio 10.0\vc\include\stdio.h(304) : see declaration of 'scanf'
       Link:
         C:\Program Files (x86)\Microsoft Visual Studio 10.0\VC\bin\link.exe /ERRORREPORT:PROMPT /OUT:"D:\Akshara-013\CGVR lab\Debug\CGVR lab.exe" /NOLOGO kernel32.lib user32.lib gdi32.lib winspool.lib comdlg32.lib advapi32.lib shell32.lib ole32.lib oleaut32.lib uuid.lib odbc32.lib odbccp32.lib /MANIFEST /ManifestFile:"Debug\CGVR lab.exe.intermediate.manifest" /MANIFESTUAC:"level='asInvoker' uiAccess='false'" /DEBUG /PDB:"D:\Akshara-013\CGVR lab\Debug\CGVR lab.pdb" /TLBID:1 /DYNAMICBASE /NXCOMPAT /IMPLIB:"D:\Akshara-013\CGVR lab\Debug\CGVR lab.lib" /MACHINE:X86 Debug\circle.obj
         LINK : D:\Akshara-013\CGVR lab\Debug\CGVR lab.exe not found or not built by the last incremental link; performing full link
         CGVR lab.vcxproj -> D:\Akshara-013\CGVR lab\Debug\CGVR lab.exe
       Manifest:
         C:\Program Files (x86)\Microsoft SDKs\Windows\v7.0A\bin\mt.exe /nologo /verbose /outputresource:"D:\Akshara-013\CGVR lab\Debug\CGVR lab.exe;#1" /manifest "Debug\CGVR lab.exe.intermediate.manifest"
       FinalizeBuildStatus:
         Deleting file "Debug\CGVR lab.unsuccessfulbuild".
         Touching "Debug\CGVR lab.lastbuildstate".
     1>Done Building Project "D:\Akshara-013\CGVR lab\CGVR lab\CGVR lab.vcxproj" (build target(s)).

Build succeeded.

Time Elapsed 00:00:00.81
